{
  "RSpec": {
    "coverage": {
      "/Users/edwardphillips/Desktop/Projects/tech_test_week/bank_tech_test/spec/account_spec.rb": {
        "lines": [
          1,
          null,
          1,
          null,
          1,
          1,
          1,
          null,
          1,
          1,
          4,
          null,
          1,
          1,
          1,
          4,
          null,
          1,
          1,
          null,
          null,
          null,
          1,
          1,
          1,
          1,
          1,
          null,
          1,
          1,
          1,
          1,
          1,
          null,
          null,
          1,
          1,
          2,
          null,
          1,
          1,
          2,
          null,
          1,
          1,
          2,
          null,
          1,
          2,
          null,
          null,
          null,
          1,
          2,
          null,
          1,
          1,
          2,
          null,
          null
        ]
      },
      "/Users/edwardphillips/Desktop/Projects/tech_test_week/bank_tech_test/lib/account.rb": {
        "lines": [
          1,
          1,
          null,
          1,
          12,
          12,
          null,
          null,
          1,
          5,
          null,
          null,
          1,
          8,
          6,
          1,
          null,
          5,
          1,
          null,
          null,
          4,
          4,
          null,
          null,
          1,
          4,
          null,
          3,
          3,
          null,
          null,
          1,
          3,
          null,
          null,
          1,
          null,
          1,
          12,
          3,
          null,
          null,
          null,
          1,
          5,
          5,
          13,
          3,
          3,
          null,
          5,
          null,
          null,
          1,
          7,
          7,
          7,
          5,
          null,
          2,
          null,
          null,
          null,
          1,
          7,
          null,
          null,
          1,
          14,
          null,
          null
        ]
      }
    },
    "timestamp": 1589814254
  }
}
